[2022-02-06 20:26:03,890] {taskinstance.py:1032} INFO - Dependencies all met for <TaskInstance: data_ingestion_gcs_dag.format_to_parquet_task manual__2022-02-06T20:25:42.476567+00:00 [queued]>
[2022-02-06 20:26:03,941] {taskinstance.py:1032} INFO - Dependencies all met for <TaskInstance: data_ingestion_gcs_dag.format_to_parquet_task manual__2022-02-06T20:25:42.476567+00:00 [queued]>
[2022-02-06 20:26:03,945] {taskinstance.py:1238} INFO - 
--------------------------------------------------------------------------------
[2022-02-06 20:26:03,949] {taskinstance.py:1239} INFO - Starting attempt 1 of 2
[2022-02-06 20:26:03,952] {taskinstance.py:1240} INFO - 
--------------------------------------------------------------------------------
[2022-02-06 20:26:03,994] {taskinstance.py:1259} INFO - Executing <Task(PythonOperator): format_to_parquet_task> on 2022-02-06 20:25:42.476567+00:00
[2022-02-06 20:26:04,008] {standard_task_runner.py:52} INFO - Started process 141 to run task
[2022-02-06 20:26:04,044] {standard_task_runner.py:76} INFO - Running: ['***', 'tasks', 'run', 'data_ingestion_gcs_dag', 'format_to_parquet_task', 'manual__2022-02-06T20:25:42.476567+00:00', '--job-id', '92', '--raw', '--subdir', 'DAGS_FOLDER/data_ingestion_gcs_dag.py', '--cfg-path', '/tmp/tmpoot1hzej', '--error-file', '/tmp/tmpocy_hd_h']
[2022-02-06 20:26:04,053] {standard_task_runner.py:77} INFO - Job 92: Subtask format_to_parquet_task
[2022-02-06 20:26:04,270] {logging_mixin.py:109} INFO - Running <TaskInstance: data_ingestion_gcs_dag.format_to_parquet_task manual__2022-02-06T20:25:42.476567+00:00 [running]> on host 2fda1509eff5
[2022-02-06 20:26:04,413] {taskinstance.py:1426} INFO - Exporting the following env vars:
AIRFLOW_CTX_DAG_OWNER=***
AIRFLOW_CTX_DAG_ID=data_ingestion_gcs_dag
AIRFLOW_CTX_TASK_ID=format_to_parquet_task
AIRFLOW_CTX_EXECUTION_DATE=2022-02-06T20:25:42.476567+00:00
AIRFLOW_CTX_DAG_RUN_ID=manual__2022-02-06T20:25:42.476567+00:00
[2022-02-06 20:26:08,276] {python.py:175} INFO - Done. Returned value was: None
[2022-02-06 20:26:08,301] {taskinstance.py:1277} INFO - Marking task as SUCCESS. dag_id=data_ingestion_gcs_dag, task_id=format_to_parquet_task, execution_date=20220206T202542, start_date=20220206T202603, end_date=20220206T202608
[2022-02-06 20:26:08,468] {local_task_job.py:154} INFO - Task exited with return code 0
[2022-02-06 20:26:08,555] {local_task_job.py:264} INFO - 1 downstream tasks scheduled from follow-on schedule check
