[2022-02-07 01:25:45,312] {taskinstance.py:1032} INFO - Dependencies all met for <TaskInstance: data_ingestion_gcs_dag.download_dataset_task scheduled__2022-02-06T00:00:00+00:00 [queued]>
[2022-02-07 01:25:45,345] {taskinstance.py:1032} INFO - Dependencies all met for <TaskInstance: data_ingestion_gcs_dag.download_dataset_task scheduled__2022-02-06T00:00:00+00:00 [queued]>
[2022-02-07 01:25:45,346] {taskinstance.py:1238} INFO - 
--------------------------------------------------------------------------------
[2022-02-07 01:25:45,348] {taskinstance.py:1239} INFO - Starting attempt 1 of 2
[2022-02-07 01:25:45,349] {taskinstance.py:1240} INFO - 
--------------------------------------------------------------------------------
[2022-02-07 01:25:45,379] {taskinstance.py:1259} INFO - Executing <Task(BashOperator): download_dataset_task> on 2022-02-06 00:00:00+00:00
[2022-02-07 01:25:45,392] {standard_task_runner.py:52} INFO - Started process 104 to run task
[2022-02-07 01:25:45,401] {standard_task_runner.py:76} INFO - Running: ['***', 'tasks', 'run', 'data_ingestion_gcs_dag', 'download_dataset_task', 'scheduled__2022-02-06T00:00:00+00:00', '--job-id', '97', '--raw', '--subdir', 'DAGS_FOLDER/data_ingestion_gcs_dag.py', '--cfg-path', '/tmp/tmpw750nwsi', '--error-file', '/tmp/tmpklfpfvu5']
[2022-02-07 01:25:45,407] {standard_task_runner.py:77} INFO - Job 97: Subtask download_dataset_task
[2022-02-07 01:25:45,502] {logging_mixin.py:109} INFO - Running <TaskInstance: data_ingestion_gcs_dag.download_dataset_task scheduled__2022-02-06T00:00:00+00:00 [running]> on host 2fda1509eff5
[2022-02-07 01:25:45,592] {taskinstance.py:1426} INFO - Exporting the following env vars:
AIRFLOW_CTX_DAG_OWNER=***
AIRFLOW_CTX_DAG_ID=data_ingestion_gcs_dag
AIRFLOW_CTX_TASK_ID=download_dataset_task
AIRFLOW_CTX_EXECUTION_DATE=2022-02-06T00:00:00+00:00
AIRFLOW_CTX_DAG_RUN_ID=scheduled__2022-02-06T00:00:00+00:00
[2022-02-07 01:25:45,595] {subprocess.py:62} INFO - Tmp dir root location: 
 /tmp
[2022-02-07 01:25:45,598] {subprocess.py:74} INFO - Running command: ['bash', '-c', 'curl -sSL https://s3.amazonaws.com/nyc-tlc/trip+data/yellow_tripdata_2021-01.csv > /opt/***/yellow_tripdata_2021-01.csv']
[2022-02-07 01:25:45,620] {subprocess.py:85} INFO - Output:
[2022-02-07 01:25:57,153] {subprocess.py:93} INFO - Command exited with return code 0
[2022-02-07 01:25:57,668] {taskinstance.py:1277} INFO - Marking task as SUCCESS. dag_id=data_ingestion_gcs_dag, task_id=download_dataset_task, execution_date=20220206T000000, start_date=20220207T012545, end_date=20220207T012557
[2022-02-07 01:25:57,868] {local_task_job.py:154} INFO - Task exited with return code 0
[2022-02-07 01:25:58,066] {local_task_job.py:264} INFO - 1 downstream tasks scheduled from follow-on schedule check
