[2022-02-06 20:03:18,202] {taskinstance.py:1032} INFO - Dependencies all met for <TaskInstance: data_ingestion_gcs_dag.download_dataset_task scheduled__2022-02-05T00:00:00+00:00 [queued]>
[2022-02-06 20:03:18,226] {taskinstance.py:1032} INFO - Dependencies all met for <TaskInstance: data_ingestion_gcs_dag.download_dataset_task scheduled__2022-02-05T00:00:00+00:00 [queued]>
[2022-02-06 20:03:18,228] {taskinstance.py:1238} INFO - 
--------------------------------------------------------------------------------
[2022-02-06 20:03:18,229] {taskinstance.py:1239} INFO - Starting attempt 1 of 2
[2022-02-06 20:03:18,230] {taskinstance.py:1240} INFO - 
--------------------------------------------------------------------------------
[2022-02-06 20:03:18,287] {taskinstance.py:1259} INFO - Executing <Task(BashOperator): download_dataset_task> on 2022-02-05 00:00:00+00:00
[2022-02-06 20:03:18,296] {standard_task_runner.py:52} INFO - Started process 226 to run task
[2022-02-06 20:03:18,310] {standard_task_runner.py:76} INFO - Running: ['***', 'tasks', 'run', 'data_ingestion_gcs_dag', 'download_dataset_task', 'scheduled__2022-02-05T00:00:00+00:00', '--job-id', '75', '--raw', '--subdir', 'DAGS_FOLDER/data_ingestion_gcs_dag.py', '--cfg-path', '/tmp/tmpijujd6tb', '--error-file', '/tmp/tmpm2o2oj5w']
[2022-02-06 20:03:18,313] {standard_task_runner.py:77} INFO - Job 75: Subtask download_dataset_task
[2022-02-06 20:03:18,485] {logging_mixin.py:109} INFO - Running <TaskInstance: data_ingestion_gcs_dag.download_dataset_task scheduled__2022-02-05T00:00:00+00:00 [running]> on host 3a6bfd9d2942
[2022-02-06 20:03:18,613] {taskinstance.py:1426} INFO - Exporting the following env vars:
AIRFLOW_CTX_DAG_OWNER=***
AIRFLOW_CTX_DAG_ID=data_ingestion_gcs_dag
AIRFLOW_CTX_TASK_ID=download_dataset_task
AIRFLOW_CTX_EXECUTION_DATE=2022-02-05T00:00:00+00:00
AIRFLOW_CTX_DAG_RUN_ID=scheduled__2022-02-05T00:00:00+00:00
[2022-02-06 20:03:18,619] {subprocess.py:62} INFO - Tmp dir root location: 
 /tmp
[2022-02-06 20:03:18,621] {subprocess.py:74} INFO - Running command: ['bash', '-c', 'curl -sSL https://s3.amazonaws.com/nyc-tlc/trip+data/yellow_tripdata_2021-01.csv > /opt/***/yellow_tripdata_2021-01.csv']
[2022-02-06 20:03:18,644] {subprocess.py:85} INFO - Output:
[2022-02-06 20:03:30,563] {subprocess.py:93} INFO - Command exited with return code 0
[2022-02-06 20:03:30,698] {taskinstance.py:1277} INFO - Marking task as SUCCESS. dag_id=data_ingestion_gcs_dag, task_id=download_dataset_task, execution_date=20220205T000000, start_date=20220206T200318, end_date=20220206T200330
[2022-02-06 20:03:30,856] {local_task_job.py:154} INFO - Task exited with return code 0
[2022-02-06 20:03:31,237] {local_task_job.py:264} INFO - 1 downstream tasks scheduled from follow-on schedule check
