[2022-02-06 20:25:47,288] {taskinstance.py:1032} INFO - Dependencies all met for <TaskInstance: data_ingestion_gcs_dag.download_dataset_task manual__2022-02-06T20:25:42.476567+00:00 [queued]>
[2022-02-06 20:25:47,324] {taskinstance.py:1032} INFO - Dependencies all met for <TaskInstance: data_ingestion_gcs_dag.download_dataset_task manual__2022-02-06T20:25:42.476567+00:00 [queued]>
[2022-02-06 20:25:47,326] {taskinstance.py:1238} INFO - 
--------------------------------------------------------------------------------
[2022-02-06 20:25:47,328] {taskinstance.py:1239} INFO - Starting attempt 1 of 2
[2022-02-06 20:25:47,329] {taskinstance.py:1240} INFO - 
--------------------------------------------------------------------------------
[2022-02-06 20:25:47,374] {taskinstance.py:1259} INFO - Executing <Task(BashOperator): download_dataset_task> on 2022-02-06 20:25:42.476567+00:00
[2022-02-06 20:25:47,385] {standard_task_runner.py:52} INFO - Started process 126 to run task
[2022-02-06 20:25:47,423] {standard_task_runner.py:76} INFO - Running: ['***', 'tasks', 'run', 'data_ingestion_gcs_dag', 'download_dataset_task', 'manual__2022-02-06T20:25:42.476567+00:00', '--job-id', '91', '--raw', '--subdir', 'DAGS_FOLDER/data_ingestion_gcs_dag.py', '--cfg-path', '/tmp/tmpwvxurxp5', '--error-file', '/tmp/tmpos56l290']
[2022-02-06 20:25:47,431] {standard_task_runner.py:77} INFO - Job 91: Subtask download_dataset_task
[2022-02-06 20:25:47,653] {logging_mixin.py:109} INFO - Running <TaskInstance: data_ingestion_gcs_dag.download_dataset_task manual__2022-02-06T20:25:42.476567+00:00 [running]> on host 2fda1509eff5
[2022-02-06 20:25:47,835] {taskinstance.py:1426} INFO - Exporting the following env vars:
AIRFLOW_CTX_DAG_OWNER=***
AIRFLOW_CTX_DAG_ID=data_ingestion_gcs_dag
AIRFLOW_CTX_TASK_ID=download_dataset_task
AIRFLOW_CTX_EXECUTION_DATE=2022-02-06T20:25:42.476567+00:00
AIRFLOW_CTX_DAG_RUN_ID=manual__2022-02-06T20:25:42.476567+00:00
[2022-02-06 20:25:47,842] {subprocess.py:62} INFO - Tmp dir root location: 
 /tmp
[2022-02-06 20:25:47,848] {subprocess.py:74} INFO - Running command: ['bash', '-c', 'curl -sSL https://s3.amazonaws.com/nyc-tlc/trip+data/yellow_tripdata_2021-01.csv > /opt/***/yellow_tripdata_2021-01.csv']
[2022-02-06 20:25:47,898] {subprocess.py:85} INFO - Output:
[2022-02-06 20:26:00,278] {subprocess.py:93} INFO - Command exited with return code 0
[2022-02-06 20:26:00,328] {taskinstance.py:1277} INFO - Marking task as SUCCESS. dag_id=data_ingestion_gcs_dag, task_id=download_dataset_task, execution_date=20220206T202542, start_date=20220206T202547, end_date=20220206T202600
[2022-02-06 20:26:00,384] {local_task_job.py:154} INFO - Task exited with return code 0
[2022-02-06 20:26:00,450] {local_task_job.py:264} INFO - 1 downstream tasks scheduled from follow-on schedule check
