[2022-02-07 01:26:02,754] {taskinstance.py:1032} INFO - Dependencies all met for <TaskInstance: data_ingestion_gcs_dag.format_to_parquet_task scheduled__2022-02-06T00:00:00+00:00 [queued]>
[2022-02-07 01:26:02,820] {taskinstance.py:1032} INFO - Dependencies all met for <TaskInstance: data_ingestion_gcs_dag.format_to_parquet_task scheduled__2022-02-06T00:00:00+00:00 [queued]>
[2022-02-07 01:26:02,823] {taskinstance.py:1238} INFO - 
--------------------------------------------------------------------------------
[2022-02-07 01:26:02,825] {taskinstance.py:1239} INFO - Starting attempt 1 of 2
[2022-02-07 01:26:02,826] {taskinstance.py:1240} INFO - 
--------------------------------------------------------------------------------
[2022-02-07 01:26:02,900] {taskinstance.py:1259} INFO - Executing <Task(PythonOperator): format_to_parquet_task> on 2022-02-06 00:00:00+00:00
[2022-02-07 01:26:02,941] {standard_task_runner.py:76} INFO - Running: ['***', 'tasks', 'run', 'data_ingestion_gcs_dag', 'format_to_parquet_task', 'scheduled__2022-02-06T00:00:00+00:00', '--job-id', '98', '--raw', '--subdir', 'DAGS_FOLDER/data_ingestion_gcs_dag.py', '--cfg-path', '/tmp/tmpw44t37x2', '--error-file', '/tmp/tmp7wswipo2']
[2022-02-07 01:26:02,928] {standard_task_runner.py:52} INFO - Started process 119 to run task
[2022-02-07 01:26:02,946] {standard_task_runner.py:77} INFO - Job 98: Subtask format_to_parquet_task
[2022-02-07 01:26:03,072] {logging_mixin.py:109} INFO - Running <TaskInstance: data_ingestion_gcs_dag.format_to_parquet_task scheduled__2022-02-06T00:00:00+00:00 [running]> on host 2fda1509eff5
[2022-02-07 01:26:03,193] {taskinstance.py:1426} INFO - Exporting the following env vars:
AIRFLOW_CTX_DAG_OWNER=***
AIRFLOW_CTX_DAG_ID=data_ingestion_gcs_dag
AIRFLOW_CTX_TASK_ID=format_to_parquet_task
AIRFLOW_CTX_EXECUTION_DATE=2022-02-06T00:00:00+00:00
AIRFLOW_CTX_DAG_RUN_ID=scheduled__2022-02-06T00:00:00+00:00
[2022-02-07 01:26:05,366] {python.py:175} INFO - Done. Returned value was: None
[2022-02-07 01:26:05,406] {taskinstance.py:1277} INFO - Marking task as SUCCESS. dag_id=data_ingestion_gcs_dag, task_id=format_to_parquet_task, execution_date=20220206T000000, start_date=20220207T012602, end_date=20220207T012605
[2022-02-07 01:26:05,600] {local_task_job.py:154} INFO - Task exited with return code 0
[2022-02-07 01:26:05,649] {local_task_job.py:264} INFO - 1 downstream tasks scheduled from follow-on schedule check
