[2022-02-06 20:03:37,033] {taskinstance.py:1032} INFO - Dependencies all met for <TaskInstance: data_ingestion_gcs_dag.format_to_parquet_task scheduled__2022-02-05T00:00:00+00:00 [queued]>
[2022-02-06 20:03:37,090] {taskinstance.py:1032} INFO - Dependencies all met for <TaskInstance: data_ingestion_gcs_dag.format_to_parquet_task scheduled__2022-02-05T00:00:00+00:00 [queued]>
[2022-02-06 20:03:37,092] {taskinstance.py:1238} INFO - 
--------------------------------------------------------------------------------
[2022-02-06 20:03:37,094] {taskinstance.py:1239} INFO - Starting attempt 1 of 2
[2022-02-06 20:03:37,096] {taskinstance.py:1240} INFO - 
--------------------------------------------------------------------------------
[2022-02-06 20:03:37,177] {taskinstance.py:1259} INFO - Executing <Task(PythonOperator): format_to_parquet_task> on 2022-02-05 00:00:00+00:00
[2022-02-06 20:03:37,212] {standard_task_runner.py:52} INFO - Started process 241 to run task
[2022-02-06 20:03:37,229] {standard_task_runner.py:76} INFO - Running: ['***', 'tasks', 'run', 'data_ingestion_gcs_dag', 'format_to_parquet_task', 'scheduled__2022-02-05T00:00:00+00:00', '--job-id', '76', '--raw', '--subdir', 'DAGS_FOLDER/data_ingestion_gcs_dag.py', '--cfg-path', '/tmp/tmpfhyogwuk', '--error-file', '/tmp/tmp14mmndi4']
[2022-02-06 20:03:37,243] {standard_task_runner.py:77} INFO - Job 76: Subtask format_to_parquet_task
[2022-02-06 20:03:37,626] {logging_mixin.py:109} INFO - Running <TaskInstance: data_ingestion_gcs_dag.format_to_parquet_task scheduled__2022-02-05T00:00:00+00:00 [running]> on host 3a6bfd9d2942
[2022-02-06 20:03:37,951] {taskinstance.py:1426} INFO - Exporting the following env vars:
AIRFLOW_CTX_DAG_OWNER=***
AIRFLOW_CTX_DAG_ID=data_ingestion_gcs_dag
AIRFLOW_CTX_TASK_ID=format_to_parquet_task
AIRFLOW_CTX_EXECUTION_DATE=2022-02-05T00:00:00+00:00
AIRFLOW_CTX_DAG_RUN_ID=scheduled__2022-02-05T00:00:00+00:00
[2022-02-06 20:03:43,831] {python.py:175} INFO - Done. Returned value was: None
[2022-02-06 20:03:43,870] {taskinstance.py:1277} INFO - Marking task as SUCCESS. dag_id=data_ingestion_gcs_dag, task_id=format_to_parquet_task, execution_date=20220205T000000, start_date=20220206T200337, end_date=20220206T200343
[2022-02-06 20:03:44,020] {local_task_job.py:154} INFO - Task exited with return code 0
[2022-02-06 20:03:44,095] {local_task_job.py:264} INFO - 1 downstream tasks scheduled from follow-on schedule check
