[2022-02-06 20:26:33,954] {taskinstance.py:1032} INFO - Dependencies all met for <TaskInstance: data_ingestion_gcs_dag.bigquery_external_table_task manual__2022-02-06T20:25:42.476567+00:00 [queued]>
[2022-02-06 20:26:33,987] {taskinstance.py:1032} INFO - Dependencies all met for <TaskInstance: data_ingestion_gcs_dag.bigquery_external_table_task manual__2022-02-06T20:25:42.476567+00:00 [queued]>
[2022-02-06 20:26:33,988] {taskinstance.py:1238} INFO - 
--------------------------------------------------------------------------------
[2022-02-06 20:26:33,990] {taskinstance.py:1239} INFO - Starting attempt 1 of 2
[2022-02-06 20:26:33,991] {taskinstance.py:1240} INFO - 
--------------------------------------------------------------------------------
[2022-02-06 20:26:34,033] {taskinstance.py:1259} INFO - Executing <Task(BigQueryCreateExternalTableOperator): bigquery_external_table_task> on 2022-02-06 20:25:42.476567+00:00
[2022-02-06 20:26:34,043] {standard_task_runner.py:52} INFO - Started process 161 to run task
[2022-02-06 20:26:34,066] {standard_task_runner.py:76} INFO - Running: ['***', 'tasks', 'run', 'data_ingestion_gcs_dag', 'bigquery_external_table_task', 'manual__2022-02-06T20:25:42.476567+00:00', '--job-id', '94', '--raw', '--subdir', 'DAGS_FOLDER/data_ingestion_gcs_dag.py', '--cfg-path', '/tmp/tmp82p6jxpi', '--error-file', '/tmp/tmpb3n7of0y']
[2022-02-06 20:26:34,068] {standard_task_runner.py:77} INFO - Job 94: Subtask bigquery_external_table_task
[2022-02-06 20:26:34,189] {logging_mixin.py:109} INFO - Running <TaskInstance: data_ingestion_gcs_dag.bigquery_external_table_task manual__2022-02-06T20:25:42.476567+00:00 [running]> on host 2fda1509eff5
[2022-02-06 20:26:34,290] {taskinstance.py:1426} INFO - Exporting the following env vars:
AIRFLOW_CTX_DAG_OWNER=***
AIRFLOW_CTX_DAG_ID=data_ingestion_gcs_dag
AIRFLOW_CTX_TASK_ID=bigquery_external_table_task
AIRFLOW_CTX_EXECUTION_DATE=2022-02-06T20:25:42.476567+00:00
AIRFLOW_CTX_DAG_RUN_ID=manual__2022-02-06T20:25:42.476567+00:00
[2022-02-06 20:26:34,296] {crypto.py:82} WARNING - empty cryptography key - values will not be stored encrypted.
[2022-02-06 20:26:35,319] {taskinstance.py:1277} INFO - Marking task as SUCCESS. dag_id=data_ingestion_gcs_dag, task_id=bigquery_external_table_task, execution_date=20220206T202542, start_date=20220206T202633, end_date=20220206T202635
[2022-02-06 20:26:35,391] {local_task_job.py:154} INFO - Task exited with return code 0
[2022-02-06 20:26:35,448] {local_task_job.py:264} INFO - 0 downstream tasks scheduled from follow-on schedule check
